<?xml version="1.0" encoding="UTF-8"?>
<!-- Generated by org.testng.reporters.JUnitReportReporter -->
<testsuite skipped="0" hostname="GuessWhat" name="com.mockaroo.MockarooDataValidation" tests="1" failures="0" timestamp="26 Jun 2018 14:21:06 GMT" time="10.194" errors="0">
  <testcase name="test1" time="10.194" classname="com.mockaroo.MockarooDataValidation"/>
</testsuite> <!-- com.mockaroo.MockarooDataValidation -->
